This is pdfTeX, Version 3.14159265-2.6-1.40.15 (TeX Live 2014) (preloaded format=pdflatex 2014.11.26)  27 FEB 2015 19:42
entering extended mode
 restricted \write18 enabled.
 %&-line parsing enabled.
**Report.tex
(./Report.tex
LaTeX2e <2014/05/01>
Babel <3.9k> and hyphenation patterns for 78 languages loaded.
(/usr/local/texlive/2014/texmf-dist/tex/latex/base/report.cls
Document Class: report 2007/10/19 v1.4h Standard LaTeX document class
(/usr/local/texlive/2014/texmf-dist/tex/latex/base/size12.clo
File: size12.clo 2007/10/19 v1.4h Standard LaTeX file (size option)
)
\c@part=\count79
\c@chapter=\count80
\c@section=\count81
\c@subsection=\count82
\c@subsubsection=\count83
\c@paragraph=\count84
\c@subparagraph=\count85
\c@figure=\count86
\c@table=\count87
\abovecaptionskip=\skip41
\belowcaptionskip=\skip42
\bibindent=\dimen102
)
(/usr/local/texlive/2014/texmf-dist/tex/latex/base/inputenc.sty
Package: inputenc 2014/04/30 v1.2b Input encoding file
\inpenc@prehook=\toks14
\inpenc@posthook=\toks15

(/usr/local/texlive/2014/texmf-dist/tex/latex/base/utf8.def
File: utf8.def 2008/04/05 v1.1m UTF-8 support for inputenc
Now handling font encoding OML ...
... no UTF-8 mapping file for font encoding OML
Now handling font encoding T1 ...
... processing UTF-8 mapping file for font encoding T1

(/usr/local/texlive/2014/texmf-dist/tex/latex/base/t1enc.dfu
File: t1enc.dfu 2008/04/05 v1.1m UTF-8 support for inputenc
   defining Unicode char U+00A1 (decimal 161)
   defining Unicode char U+00A3 (decimal 163)
   defining Unicode char U+00AB (decimal 171)
   defining Unicode char U+00BB (decimal 187)
   defining Unicode char U+00BF (decimal 191)
   defining Unicode char U+00C0 (decimal 192)
   defining Unicode char U+00C1 (decimal 193)
   defining Unicode char U+00C2 (decimal 194)
   defining Unicode char U+00C3 (decimal 195)
   defining Unicode char U+00C4 (decimal 196)
   defining Unicode char U+00C5 (decimal 197)
   defining Unicode char U+00C6 (decimal 198)
   defining Unicode char U+00C7 (decimal 199)
   defining Unicode char U+00C8 (decimal 200)
   defining Unicode char U+00C9 (decimal 201)
   defining Unicode char U+00CA (decimal 202)
   defining Unicode char U+00CB (decimal 203)
   defining Unicode char U+00CC (decimal 204)
   defining Unicode char U+00CD (decimal 205)
   defining Unicode char U+00CE (decimal 206)
   defining Unicode char U+00CF (decimal 207)
   defining Unicode char U+00D0 (decimal 208)
   defining Unicode char U+00D1 (decimal 209)
   defining Unicode char U+00D2 (decimal 210)
   defining Unicode char U+00D3 (decimal 211)
   defining Unicode char U+00D4 (decimal 212)
   defining Unicode char U+00D5 (decimal 213)
   defining Unicode char U+00D6 (decimal 214)
   defining Unicode char U+00D8 (decimal 216)
   defining Unicode char U+00D9 (decimal 217)
   defining Unicode char U+00DA (decimal 218)
   defining Unicode char U+00DB (decimal 219)
   defining Unicode char U+00DC (decimal 220)
   defining Unicode char U+00DD (decimal 221)
   defining Unicode char U+00DE (decimal 222)
   defining Unicode char U+00DF (decimal 223)
   defining Unicode char U+00E0 (decimal 224)
   defining Unicode char U+00E1 (decimal 225)
   defining Unicode char U+00E2 (decimal 226)
   defining Unicode char U+00E3 (decimal 227)
   defining Unicode char U+00E4 (decimal 228)
   defining Unicode char U+00E5 (decimal 229)
   defining Unicode char U+00E6 (decimal 230)
   defining Unicode char U+00E7 (decimal 231)
   defining Unicode char U+00E8 (decimal 232)
   defining Unicode char U+00E9 (decimal 233)
   defining Unicode char U+00EA (decimal 234)
   defining Unicode char U+00EB (decimal 235)
   defining Unicode char U+00EC (decimal 236)
   defining Unicode char U+00ED (decimal 237)
   defining Unicode char U+00EE (decimal 238)
   defining Unicode char U+00EF (decimal 239)
   defining Unicode char U+00F0 (decimal 240)
   defining Unicode char U+00F1 (decimal 241)
   defining Unicode char U+00F2 (decimal 242)
   defining Unicode char U+00F3 (decimal 243)
   defining Unicode char U+00F4 (decimal 244)
   defining Unicode char U+00F5 (decimal 245)
   defining Unicode char U+00F6 (decimal 246)
   defining Unicode char U+00F8 (decimal 248)
   defining Unicode char U+00F9 (decimal 249)
   defining Unicode char U+00FA (decimal 250)
   defining Unicode char U+00FB (decimal 251)
   defining Unicode char U+00FC (decimal 252)
   defining Unicode char U+00FD (decimal 253)
   defining Unicode char U+00FE (decimal 254)
   defining Unicode char U+00FF (decimal 255)
   defining Unicode char U+0102 (decimal 258)
   defining Unicode char U+0103 (decimal 259)
   defining Unicode char U+0104 (decimal 260)
   defining Unicode char U+0105 (decimal 261)
   defining Unicode char U+0106 (decimal 262)
   defining Unicode char U+0107 (decimal 263)
   defining Unicode char U+010C (decimal 268)
   defining Unicode char U+010D (decimal 269)
   defining Unicode char U+010E (decimal 270)
   defining Unicode char U+010F (decimal 271)
   defining Unicode char U+0110 (decimal 272)
   defining Unicode char U+0111 (decimal 273)
   defining Unicode char U+0118 (decimal 280)
   defining Unicode char U+0119 (decimal 281)
   defining Unicode char U+011A (decimal 282)
   defining Unicode char U+011B (decimal 283)
   defining Unicode char U+011E (decimal 286)
   defining Unicode char U+011F (decimal 287)
   defining Unicode char U+0130 (decimal 304)
   defining Unicode char U+0131 (decimal 305)
   defining Unicode char U+0132 (decimal 306)
   defining Unicode char U+0133 (decimal 307)
   defining Unicode char U+0139 (decimal 313)
   defining Unicode char U+013A (decimal 314)
   defining Unicode char U+013D (decimal 317)
   defining Unicode char U+013E (decimal 318)
   defining Unicode char U+0141 (decimal 321)
   defining Unicode char U+0142 (decimal 322)
   defining Unicode char U+0143 (decimal 323)
   defining Unicode char U+0144 (decimal 324)
   defining Unicode char U+0147 (decimal 327)
   defining Unicode char U+0148 (decimal 328)
   defining Unicode char U+014A (decimal 330)
   defining Unicode char U+014B (decimal 331)
   defining Unicode char U+0150 (decimal 336)
   defining Unicode char U+0151 (decimal 337)
   defining Unicode char U+0152 (decimal 338)
   defining Unicode char U+0153 (decimal 339)
   defining Unicode char U+0154 (decimal 340)
   defining Unicode char U+0155 (decimal 341)
   defining Unicode char U+0158 (decimal 344)
   defining Unicode char U+0159 (decimal 345)
   defining Unicode char U+015A (decimal 346)
   defining Unicode char U+015B (decimal 347)
   defining Unicode char U+015E (decimal 350)
   defining Unicode char U+015F (decimal 351)
   defining Unicode char U+0160 (decimal 352)
   defining Unicode char U+0161 (decimal 353)
   defining Unicode char U+0162 (decimal 354)
   defining Unicode char U+0163 (decimal 355)
   defining Unicode char U+0164 (decimal 356)
   defining Unicode char U+0165 (decimal 357)
   defining Unicode char U+016E (decimal 366)
   defining Unicode char U+016F (decimal 367)
   defining Unicode char U+0170 (decimal 368)
   defining Unicode char U+0171 (decimal 369)
   defining Unicode char U+0178 (decimal 376)
   defining Unicode char U+0179 (decimal 377)
   defining Unicode char U+017A (decimal 378)
   defining Unicode char U+017B (decimal 379)
   defining Unicode char U+017C (decimal 380)
   defining Unicode char U+017D (decimal 381)
   defining Unicode char U+017E (decimal 382)
   defining Unicode char U+200C (decimal 8204)
   defining Unicode char U+2013 (decimal 8211)
   defining Unicode char U+2014 (decimal 8212)
   defining Unicode char U+2018 (decimal 8216)
   defining Unicode char U+2019 (decimal 8217)
   defining Unicode char U+201A (decimal 8218)
   defining Unicode char U+201C (decimal 8220)
   defining Unicode char U+201D (decimal 8221)
   defining Unicode char U+201E (decimal 8222)
   defining Unicode char U+2030 (decimal 8240)
   defining Unicode char U+2031 (decimal 8241)
   defining Unicode char U+2039 (decimal 8249)
   defining Unicode char U+203A (decimal 8250)
   defining Unicode char U+2423 (decimal 9251)
)
Now handling font encoding OT1 ...
... processing UTF-8 mapping file for font encoding OT1

(/usr/local/texlive/2014/texmf-dist/tex/latex/base/ot1enc.dfu
File: ot1enc.dfu 2008/04/05 v1.1m UTF-8 support for inputenc
   defining Unicode char U+00A1 (decimal 161)
   defining Unicode char U+00A3 (decimal 163)
   defining Unicode char U+00B8 (decimal 184)
   defining Unicode char U+00BF (decimal 191)
   defining Unicode char U+00C5 (decimal 197)
   defining Unicode char U+00C6 (decimal 198)
   defining Unicode char U+00D8 (decimal 216)
   defining Unicode char U+00DF (decimal 223)
   defining Unicode char U+00E6 (decimal 230)
   defining Unicode char U+00EC (decimal 236)
   defining Unicode char U+00ED (decimal 237)
   defining Unicode char U+00EE (decimal 238)
   defining Unicode char U+00EF (decimal 239)
   defining Unicode char U+00F8 (decimal 248)
   defining Unicode char U+0131 (decimal 305)
   defining Unicode char U+0141 (decimal 321)
   defining Unicode char U+0142 (decimal 322)
   defining Unicode char U+0152 (decimal 338)
   defining Unicode char U+0153 (decimal 339)
   defining Unicode char U+2013 (decimal 8211)
   defining Unicode char U+2014 (decimal 8212)
   defining Unicode char U+2018 (decimal 8216)
   defining Unicode char U+2019 (decimal 8217)
   defining Unicode char U+201C (decimal 8220)
   defining Unicode char U+201D (decimal 8221)
)
Now handling font encoding OMS ...
... processing UTF-8 mapping file for font encoding OMS

(/usr/local/texlive/2014/texmf-dist/tex/latex/base/omsenc.dfu
File: omsenc.dfu 2008/04/05 v1.1m UTF-8 support for inputenc
   defining Unicode char U+00A7 (decimal 167)
   defining Unicode char U+00B6 (decimal 182)
   defining Unicode char U+00B7 (decimal 183)
   defining Unicode char U+2020 (decimal 8224)
   defining Unicode char U+2021 (decimal 8225)
   defining Unicode char U+2022 (decimal 8226)
)
Now handling font encoding OMX ...
... no UTF-8 mapping file for font encoding OMX
Now handling font encoding U ...
... no UTF-8 mapping file for font encoding U
   defining Unicode char U+00A9 (decimal 169)
   defining Unicode char U+00AA (decimal 170)
   defining Unicode char U+00AE (decimal 174)
   defining Unicode char U+00BA (decimal 186)
   defining Unicode char U+02C6 (decimal 710)
   defining Unicode char U+02DC (decimal 732)
   defining Unicode char U+200C (decimal 8204)
   defining Unicode char U+2026 (decimal 8230)
   defining Unicode char U+2122 (decimal 8482)
   defining Unicode char U+2423 (decimal 9251)
))
(/usr/local/texlive/2014/texmf-dist/tex/latex/amsmath/amsmath.sty
Package: amsmath 2013/01/14 v2.14 AMS math features
\@mathmargin=\skip43

For additional information on amsmath, use the `?' option.
(/usr/local/texlive/2014/texmf-dist/tex/latex/amsmath/amstext.sty
Package: amstext 2000/06/29 v2.01

(/usr/local/texlive/2014/texmf-dist/tex/latex/amsmath/amsgen.sty
File: amsgen.sty 1999/11/30 v2.0
\@emptytoks=\toks16
\ex@=\dimen103
))
(/usr/local/texlive/2014/texmf-dist/tex/latex/amsmath/amsbsy.sty
Package: amsbsy 1999/11/29 v1.2d
\pmbraise@=\dimen104
)
(/usr/local/texlive/2014/texmf-dist/tex/latex/amsmath/amsopn.sty
Package: amsopn 1999/12/14 v2.01 operator names
)
\inf@bad=\count88
LaTeX Info: Redefining \frac on input line 210.
\uproot@=\count89
\leftroot@=\count90
LaTeX Info: Redefining \overline on input line 306.
\classnum@=\count91
\DOTSCASE@=\count92
LaTeX Info: Redefining \ldots on input line 378.
LaTeX Info: Redefining \dots on input line 381.
LaTeX Info: Redefining \cdots on input line 466.
\Mathstrutbox@=\box26
\strutbox@=\box27
\big@size=\dimen105
LaTeX Font Info:    Redeclaring font encoding OML on input line 566.
LaTeX Font Info:    Redeclaring font encoding OMS on input line 567.
\macc@depth=\count93
\c@MaxMatrixCols=\count94
\dotsspace@=\muskip10
\c@parentequation=\count95
\dspbrk@lvl=\count96
\tag@help=\toks17
\row@=\count97
\column@=\count98
\maxfields@=\count99
\andhelp@=\toks18
\eqnshift@=\dimen106
\alignsep@=\dimen107
\tagshift@=\dimen108
\tagwidth@=\dimen109
\totwidth@=\dimen110
\lineht@=\dimen111
\@envbody=\toks19
\multlinegap=\skip44
\multlinetaggap=\skip45
\mathdisplay@stack=\toks20
LaTeX Info: Redefining \[ on input line 2665.
LaTeX Info: Redefining \] on input line 2666.
)
(/usr/local/texlive/2014/texmf-dist/tex/latex/amsfonts/amsfonts.sty
Package: amsfonts 2013/01/14 v3.01 Basic AMSFonts support
\symAMSa=\mathgroup4
\symAMSb=\mathgroup5
LaTeX Font Info:    Overwriting math alphabet `\mathfrak' in version `bold'
(Font)                  U/euf/m/n --> U/euf/b/n on input line 106.
)
(/usr/local/texlive/2014/texmf-dist/tex/latex/amsfonts/amssymb.sty
Package: amssymb 2013/01/14 v3.01 AMS font symbols
)
(/usr/local/texlive/2014/texmf-dist/tex/latex/graphics/graphicx.sty
Package: graphicx 2014/04/25 v1.0g Enhanced LaTeX Graphics (DPC,SPQR)

(/usr/local/texlive/2014/texmf-dist/tex/latex/graphics/keyval.sty
Package: keyval 2014/05/08 v1.15 key=value parser (DPC)
\KV@toks@=\toks21
)
(/usr/local/texlive/2014/texmf-dist/tex/latex/graphics/graphics.sty
Package: graphics 2009/02/05 v1.0o Standard LaTeX Graphics (DPC,SPQR)

(/usr/local/texlive/2014/texmf-dist/tex/latex/graphics/trig.sty
Package: trig 1999/03/16 v1.09 sin cos tan (DPC)
)
(/usr/local/texlive/2014/texmf-dist/tex/latex/latexconfig/graphics.cfg
File: graphics.cfg 2010/04/23 v1.9 graphics configuration of TeX Live
)
Package graphics Info: Driver file: pdftex.def on input line 91.

(/usr/local/texlive/2014/texmf-dist/tex/latex/pdftex-def/pdftex.def
File: pdftex.def 2011/05/27 v0.06d Graphics/color for pdfTeX

(/usr/local/texlive/2014/texmf-dist/tex/generic/oberdiek/infwarerr.sty
Package: infwarerr 2010/04/08 v1.3 Providing info/warning/error messages (HO)
)
(/usr/local/texlive/2014/texmf-dist/tex/generic/oberdiek/ltxcmds.sty
Package: ltxcmds 2011/11/09 v1.22 LaTeX kernel commands for general use (HO)
)
\Gread@gobject=\count100
))
\Gin@req@height=\dimen112
\Gin@req@width=\dimen113
)
(/usr/local/texlive/2014/texmf-dist/tex/latex/geometry/geometry.sty
Package: geometry 2010/09/12 v5.6 Page Geometry

(/usr/local/texlive/2014/texmf-dist/tex/generic/oberdiek/ifpdf.sty
Package: ifpdf 2011/01/30 v2.3 Provides the ifpdf switch (HO)
Package ifpdf Info: pdfTeX in PDF mode is detected.
)
(/usr/local/texlive/2014/texmf-dist/tex/generic/oberdiek/ifvtex.sty
Package: ifvtex 2010/03/01 v1.5 Detect VTeX and its facilities (HO)
Package ifvtex Info: VTeX not detected.
)
(/usr/local/texlive/2014/texmf-dist/tex/generic/ifxetex/ifxetex.sty
Package: ifxetex 2010/09/12 v0.6 Provides ifxetex conditional
)
\Gm@cnth=\count101
\Gm@cntv=\count102
\c@Gm@tempcnt=\count103
\Gm@bindingoffset=\dimen114
\Gm@wd@mp=\dimen115
\Gm@odd@mp=\dimen116
\Gm@even@mp=\dimen117
\Gm@layoutwidth=\dimen118
\Gm@layoutheight=\dimen119
\Gm@layouthoffset=\dimen120
\Gm@layoutvoffset=\dimen121
\Gm@dimlist=\toks22
)
(./variables.sty
Package: variables 2011/01/11 v0.01 LaTeX package for my own purpose
) (./features.sty
Package: features 2011/01/11 v0.01 LaTeX package for my own purpose

(/usr/local/texlive/2014/texmf-dist/tex/latex/caption/subcaption.sty
Package: subcaption 2013/02/03 v1.1-62 Sub-captions (AR)

(/usr/local/texlive/2014/texmf-dist/tex/latex/caption/caption.sty
Package: caption 2013/05/02 v3.3-89 Customizing captions (AR)

(/usr/local/texlive/2014/texmf-dist/tex/latex/caption/caption3.sty
Package: caption3 2013/05/02 v1.6-88 caption3 kernel (AR)
Package caption3 Info: TeX engine: e-TeX on input line 57.
\captionmargin=\dimen122
\captionmargin@=\dimen123
\captionwidth=\dimen124
\caption@tempdima=\dimen125
\caption@indent=\dimen126
\caption@parindent=\dimen127
\caption@hangindent=\dimen128
)
\c@ContinuedFloat=\count104
)
\c@subfigure=\count105
\c@subtable=\count106
)
(/usr/local/texlive/2014/texmf-dist/tex/latex/float/float.sty
Package: float 2001/11/08 v1.3d Float enhancements (AL)
\c@float@type=\count107
\float@exts=\toks23
\float@box=\box28
\@float@everytoks=\toks24
\@floatcapt=\box29
)
(/usr/local/texlive/2014/texmf-dist/tex/latex/subfig/subfig.sty
Package: subfig 2005/06/28 ver: 1.3 subfig package
\c@KVtest=\count108
\sf@farskip=\skip46
\sf@captopadj=\dimen129
\sf@capskip=\skip47
\sf@nearskip=\skip48
\sf@top=\skip49
\sf@bottom=\skip50
))

Package geometry Warning: Over-specification in `h'-direction.
    `width' (597.50787pt) is ignored.


Package geometry Warning: Over-specification in `v'-direction.
    `height' (845.04684pt) is ignored.

(./Report.aux)
\openout1 = `Report.aux'.

LaTeX Font Info:    Checking defaults for OML/cmm/m/it on input line 24.
LaTeX Font Info:    ... okay on input line 24.
LaTeX Font Info:    Checking defaults for T1/cmr/m/n on input line 24.
LaTeX Font Info:    ... okay on input line 24.
LaTeX Font Info:    Checking defaults for OT1/cmr/m/n on input line 24.
LaTeX Font Info:    ... okay on input line 24.
LaTeX Font Info:    Checking defaults for OMS/cmsy/m/n on input line 24.
LaTeX Font Info:    ... okay on input line 24.
LaTeX Font Info:    Checking defaults for OMX/cmex/m/n on input line 24.
LaTeX Font Info:    ... okay on input line 24.
LaTeX Font Info:    Checking defaults for U/cmr/m/n on input line 24.
LaTeX Font Info:    ... okay on input line 24.

(/usr/local/texlive/2014/texmf-dist/tex/context/base/supp-pdf.mkii
[Loading MPS to PDF converter (version 2006.09.02).]
\scratchcounter=\count109
\scratchdimen=\dimen130
\scratchbox=\box30
\nofMPsegments=\count110
\nofMParguments=\count111
\everyMPshowfont=\toks25
\MPscratchCnt=\count112
\MPscratchDim=\dimen131
\MPnumerator=\count113
\makeMPintoPDFobject=\count114
\everyMPtoPDFconversion=\toks26
) (/usr/local/texlive/2014/texmf-dist/tex/generic/oberdiek/pdftexcmds.sty
Package: pdftexcmds 2011/11/29 v0.20 Utility functions of pdfTeX for LuaTeX (HO
)

(/usr/local/texlive/2014/texmf-dist/tex/generic/oberdiek/ifluatex.sty
Package: ifluatex 2010/03/01 v1.3 Provides the ifluatex switch (HO)
Package ifluatex Info: LuaTeX not detected.
)
Package pdftexcmds Info: LuaTeX not detected.
Package pdftexcmds Info: \pdf@primitive is available.
Package pdftexcmds Info: \pdf@ifprimitive is available.
Package pdftexcmds Info: \pdfdraftmode found.
)
(/usr/local/texlive/2014/texmf-dist/tex/latex/oberdiek/epstopdf-base.sty
Package: epstopdf-base 2010/02/09 v2.5 Base part for package epstopdf

(/usr/local/texlive/2014/texmf-dist/tex/latex/oberdiek/grfext.sty
Package: grfext 2010/08/19 v1.1 Manage graphics extensions (HO)

(/usr/local/texlive/2014/texmf-dist/tex/generic/oberdiek/kvdefinekeys.sty
Package: kvdefinekeys 2011/04/07 v1.3 Define keys (HO)
))
(/usr/local/texlive/2014/texmf-dist/tex/latex/oberdiek/kvoptions.sty
Package: kvoptions 2011/06/30 v3.11 Key value format for package options (HO)

(/usr/local/texlive/2014/texmf-dist/tex/generic/oberdiek/kvsetkeys.sty
Package: kvsetkeys 2012/04/25 v1.16 Key value parser (HO)

(/usr/local/texlive/2014/texmf-dist/tex/generic/oberdiek/etexcmds.sty
Package: etexcmds 2011/02/16 v1.5 Avoid name clashes with e-TeX commands (HO)
Package etexcmds Info: Could not find \expanded.
(etexcmds)             That can mean that you are not using pdfTeX 1.50 or
(etexcmds)             that some package has redefined \expanded.
(etexcmds)             In the latter case, load this package earlier.
)))
Package grfext Info: Graphics extension search list:
(grfext)             [.png,.pdf,.jpg,.mps,.jpeg,.jbig2,.jb2,.PNG,.PDF,.JPG,.JPE
G,.JBIG2,.JB2,.eps]
(grfext)             \AppendGraphicsExtensions on input line 452.

(/usr/local/texlive/2014/texmf-dist/tex/latex/latexconfig/epstopdf-sys.cfg
File: epstopdf-sys.cfg 2010/07/13 v1.3 Configuration of (r)epstopdf for TeX Liv
e
))
*geometry* driver: auto-detecting
*geometry* detected driver: pdftex
*geometry* verbose mode - [ preamble ] result:
* driver: pdftex
* paper: a4paper
* layout: <same size as paper>
* layoutoffset:(h,v)=(0.0pt,0.0pt)
* modes: 
* h-part:(L,W,R)=(85.35826pt, 426.79135pt, 85.35826pt)
* v-part:(T,H,B)=(56.9055pt, 702.78308pt, 85.35826pt)
* \paperwidth=597.50787pt
* \paperheight=845.04684pt
* \textwidth=426.79135pt
* \textheight=702.78308pt
* \oddsidemargin=13.08827pt
* \evensidemargin=13.08827pt
* \topmargin=-52.36449pt
* \headheight=12.0pt
* \headsep=25.0pt
* \topskip=12.0pt
* \footskip=30.0pt
* \marginparwidth=35.0pt
* \marginparsep=10.0pt
* \columnsep=10.0pt
* \skip\footins=10.8pt plus 4.0pt minus 2.0pt
* \hoffset=0.0pt
* \voffset=0.0pt
* \mag=1000
* \@twocolumnfalse
* \@twosidefalse
* \@mparswitchfalse
* \@reversemarginfalse
* (1in=72.27pt=25.4mm, 1cm=28.453pt)

Package caption Info: Begin \AtBeginDocument code.
Package caption Info: subfig package v1.3 is loaded.
Package caption Info: float package is loaded.
Package caption Info: End \AtBeginDocument code.
LaTeX Font Info:    Try loading font information for U+msa on input line 25.
(/usr/local/texlive/2014/texmf-dist/tex/latex/amsfonts/umsa.fd
File: umsa.fd 2013/01/14 v3.01 AMS symbols A
)
LaTeX Font Info:    Try loading font information for U+msb on input line 25.

(/usr/local/texlive/2014/texmf-dist/tex/latex/amsfonts/umsb.fd
File: umsb.fd 2013/01/14 v3.01 AMS symbols B
) [1

{/usr/local/texlive/2014/texmf-var/fonts/map/pdftex/updmap/pdftex.map}] [1] (./
Report.toc)
\tf@toc=\write3
\openout3 = `Report.toc'.


(./tex/introduction.tex [1

]
Chapter 1.

LaTeX Warning: Citation `E-comm' on page 2 undefined on input line 3.


Underfull \hbox (badness 10000) in paragraph at lines 10--12

 []

[2

]) (./tex/Data.tex [3]
Chapter 2.
[4

]
LaTeX Font Info:    Try loading font information for OMS+cmr on input line 32.
 (/usr/local/texlive/2014/texmf-dist/tex/latex/base/omscmr.fd
File: omscmr.fd 1999/05/25 v2.5h Standard LaTeX font definitions
)
LaTeX Font Info:    Font shape `OMS/cmr/m/n' in size <12> not available
(Font)              Font shape `OMS/cmsy/m/n' tried instead on input line 32.
)
(./tex/Features.tex [5]
Chapter 3.
Package epstopdf Info: Source file: <fig/qquntransformed.eps>
(epstopdf)                    date: 2015-02-27 19:41:32
(epstopdf)                    size: 34414 bytes
(epstopdf)             Output file: <fig/qquntransformed-eps-converted-to.pdf>
(epstopdf)                    date: 2015-02-27 19:38:20
(epstopdf)                    size: 18328 bytes
(epstopdf)             Command: <repstopdf --outfile=fig/qquntransformed-eps-co
nverted-to.pdf fig/qquntransformed.eps>
(epstopdf)             \includegraphics on input line 10.
runsystem(repstopdf --outfile=fig/qquntransformed-eps-converted-to.pdf fig/qqun
transformed.eps)...executed safely (allowed).

Package epstopdf Info: Result file: <fig/qquntransformed-eps-converted-to.pdf>
(epstopdf)                    date: 2015-02-27 19:42:51
(epstopdf)                    size: 17940 bytes.
<fig/qquntransformed-eps-converted-to.pdf, id=30, 1142.2675pt x 402.50375pt>
File: fig/qquntransformed-eps-converted-to.pdf Graphic file (type pdf)

<use fig/qquntransformed-eps-converted-to.pdf>
Package pdftex.def Info: fig/qquntransformed-eps-converted-to.pdf used on input
 line 10.
(pdftex.def)             Requested size: 213.39568pt x 75.19289pt.
Package epstopdf Info: Source file: <fig/qqtransformed.eps>
(epstopdf)                    date: 2015-02-27 19:42:44
(epstopdf)                    size: 34262 bytes
(epstopdf)             Output file: <fig/qqtransformed-eps-converted-to.pdf>
(epstopdf)                    date: 2015-02-27 19:38:21
(epstopdf)                    size: 18984 bytes
(epstopdf)             Command: <repstopdf --outfile=fig/qqtransformed-eps-conv
erted-to.pdf fig/qqtransformed.eps>
(epstopdf)             \includegraphics on input line 10.
runsystem(repstopdf --outfile=fig/qqtransformed-eps-converted-to.pdf fig/qqtran
sformed.eps)...executed safely (allowed).

Package epstopdf Info: Result file: <fig/qqtransformed-eps-converted-to.pdf>
(epstopdf)                    date: 2015-02-27 19:42:52
(epstopdf)                    size: 18761 bytes.

<fig/qqtransformed-eps-converted-to.pdf, id=31, 1142.2675pt x 411.5375pt>
File: fig/qqtransformed-eps-converted-to.pdf Graphic file (type pdf)

<use fig/qqtransformed-eps-converted-to.pdf>
Package pdftex.def Info: fig/qqtransformed-eps-converted-to.pdf used on input l
ine 10.
(pdftex.def)             Requested size: 213.39568pt x 76.88051pt.

Underfull \hbox (badness 10000) in paragraph at lines 13--15

 []

[6

 <./fig/qquntransformed-eps-converted-to.pdf> <./fig/qqtransformed-eps-converte
d-to.pdf>] <fig/Total_Electricity_child.jpg, id=54, 562.1pt x 421.575pt>
File: fig/Total_Electricity_child.jpg Graphic file (type jpg)

<use fig/Total_Electricity_child.jpg>
Package pdftex.def Info: fig/Total_Electricity_child.jpg used on input line 22.

(pdftex.def)             Requested size: 213.39568pt x 160.04578pt.

<fig/Total_Electricity_socio.jpg, id=55, 562.1pt x 421.575pt>
File: fig/Total_Electricity_socio.jpg Graphic file (type jpg)

<use fig/Total_Electricity_socio.jpg>
Package pdftex.def Info: fig/Total_Electricity_socio.jpg used on input line 22.

(pdftex.def)             Requested size: 213.39568pt x 160.04578pt.
 [7]
<fig/Average_Daily_child.jpg, id=59, 562.1pt x 421.575pt>
File: fig/Average_Daily_child.jpg Graphic file (type jpg)

<use fig/Average_Daily_child.jpg>
Package pdftex.def Info: fig/Average_Daily_child.jpg used on input line 31.
(pdftex.def)             Requested size: 281.04932pt x 210.78697pt.

<fig/Average_Daily_socio.jpg, id=60, 1117.17375pt x 638.385pt>
File: fig/Average_Daily_socio.jpg Graphic file (type jpg)

<use fig/Average_Daily_socio.jpg>
Package pdftex.def Info: fig/Average_Daily_socio.jpg used on input line 32.
(pdftex.def)             Requested size: 558.58551pt x 319.19171pt.
 [8 <./fig/Total_Electricity_child.jpg> <./fig/Total_Electricity_socio.jpg>] [9
 <./fig/Average_Daily_child.jpg> <./fig/Average_Daily_socio.jpg>] <fig/APOD_chi
ld.jpg, id=68, 1279.78125pt x 638.385pt>
File: fig/APOD_child.jpg Graphic file (type jpg)

<use fig/APOD_child.jpg>
Package pdftex.def Info: fig/APOD_child.jpg used on input line 47.
(pdftex.def)             Requested size: 639.88907pt x 319.19171pt.
 [10]
Package epstopdf Info: Source file: <fig/APOD_socio.eps>
(epstopdf)                    date: 2015-02-25 17:01:40
(epstopdf)                    size: 81017 bytes
(epstopdf)             Output file: <fig/APOD_socio-eps-converted-to.pdf>
(epstopdf)                    date: 2015-02-25 17:07:20
(epstopdf)                    size: 28195 bytes
(epstopdf)             Command: <repstopdf --outfile=fig/APOD_socio-eps-convert
ed-to.pdf fig/APOD_socio.eps>
(epstopdf)             \includegraphics on input line 52.
Package epstopdf Info: Output file is already uptodate.

<fig/APOD_socio-eps-converted-to.pdf, id=72, 1023.825pt x 638.385pt>
File: fig/APOD_socio-eps-converted-to.pdf Graphic file (type pdf)

<use fig/APOD_socio-eps-converted-to.pdf>
Package pdftex.def Info: fig/APOD_socio-eps-converted-to.pdf used on input line
 52.
(pdftex.def)             Requested size: 569.05759pt x 569.05702pt.
 [11 <./fig/APOD_child.jpg>] [12 <./fig/APOD_socio-eps-converted-to.pdf>]
<fig/POW_rat_child.jpg, id=88, 627.34375pt x 476.78125pt>
File: fig/POW_rat_child.jpg Graphic file (type jpg)

<use fig/POW_rat_child.jpg>
Package pdftex.def Info: fig/POW_rat_child.jpg used on input line 59.
(pdftex.def)             Requested size: 213.39568pt x 162.1835pt.
Package epstopdf Info: Source file: <fig/POW_rat_socio.eps>
(epstopdf)                    date: 2015-02-26 21:27:55
(epstopdf)                    size: 69846 bytes
(epstopdf)             Output file: <fig/POW_rat_socio-eps-converted-to.pdf>
(epstopdf)                    date: 2015-02-26 21:28:31
(epstopdf)                    size: 12678 bytes
(epstopdf)             Command: <repstopdf --outfile=fig/POW_rat_socio-eps-conv
erted-to.pdf fig/POW_rat_socio.eps>
(epstopdf)             \includegraphics on input line 59.
Package epstopdf Info: Output file is already uptodate.

<fig/POW_rat_socio-eps-converted-to.pdf, id=89, 562.1pt x 421.575pt>
File: fig/POW_rat_socio-eps-converted-to.pdf Graphic file (type pdf)

<use fig/POW_rat_socio-eps-converted-to.pdf>
Package pdftex.def Info: fig/POW_rat_socio-eps-converted-to.pdf used on input l
ine 59.
(pdftex.def)             Requested size: 213.39568pt x 160.04578pt.


LaTeX Warning: Reference `fig: POWrat' on page 13 undefined on input line 61.

Package epstopdf Info: Source file: <fig/ADV_child.eps>
(epstopdf)                    date: 2015-02-26 22:37:09
(epstopdf)                    size: 50680 bytes
(epstopdf)             Output file: <fig/ADV_child-eps-converted-to.pdf>
(epstopdf)                    date: 2015-02-26 22:38:38
(epstopdf)                    size: 11867 bytes
(epstopdf)             Command: <repstopdf --outfile=fig/ADV_child-eps-converte
d-to.pdf fig/ADV_child.eps>
(epstopdf)             \includegraphics on input line 67.
Package epstopdf Info: Output file is already uptodate.
<fig/ADV_child-eps-converted-to.pdf, id=90, 871.255pt x 587.19376pt>
File: fig/ADV_child-eps-converted-to.pdf Graphic file (type pdf)

<use fig/ADV_child-eps-converted-to.pdf>
Package pdftex.def Info: fig/ADV_child-eps-converted-to.pdf used on input line 
67.
(pdftex.def)             Requested size: 213.39568pt x 143.81444pt.
Package epstopdf Info: Source file: <fig/ADV_socio.eps>
(epstopdf)                    date: 2015-02-26 22:36:43
(epstopdf)                    size: 60188 bytes
(epstopdf)             Output file: <fig/ADV_socio-eps-converted-to.pdf>
(epstopdf)                    date: 2015-02-26 22:38:39
(epstopdf)                    size: 13957 bytes
(epstopdf)             Command: <repstopdf --outfile=fig/ADV_socio-eps-converte
d-to.pdf fig/ADV_socio.eps>
(epstopdf)             \includegraphics on input line 67.
Package epstopdf Info: Output file is already uptodate.

<fig/ADV_socio-eps-converted-to.pdf, id=91, 1021.8175pt x 581.17125pt>
File: fig/ADV_socio-eps-converted-to.pdf Graphic file (type pdf)

<use fig/ADV_socio-eps-converted-to.pdf>
Package pdftex.def Info: fig/ADV_socio-eps-converted-to.pdf used on input line 
67.
(pdftex.def)             Requested size: 298.75264pt x 169.91875pt.

Overfull \hbox (85.35696pt too wide) in paragraph at lines 67--67
 [][][] 
 []

[13 <./fig/POW_rat_child.jpg> <./fig/POW_rat_socio-eps-converted-to.pdf>]
Package epstopdf Info: Source file: <fig/log_ADV_child.eps>
(epstopdf)                    date: 2015-02-26 22:34:22
(epstopdf)                    size: 92541 bytes
(epstopdf)             Output file: <fig/log_ADV_child-eps-converted-to.pdf>
(epstopdf)                    date: 2015-02-26 22:45:36
(epstopdf)                    size: 10489 bytes
(epstopdf)             Command: <repstopdf --outfile=fig/log_ADV_child-eps-conv
erted-to.pdf fig/log_ADV_child.eps>
(epstopdf)             \includegraphics on input line 71.
Package epstopdf Info: Output file is already uptodate.

<fig/log_ADV_child-eps-converted-to.pdf, id=103, 562.1pt x 421.575pt>
File: fig/log_ADV_child-eps-converted-to.pdf Graphic file (type pdf)

<use fig/log_ADV_child-eps-converted-to.pdf>
Package pdftex.def Info: fig/log_ADV_child-eps-converted-to.pdf used on input l
ine 71.
(pdftex.def)             Requested size: 281.04932pt x 210.78697pt.
Package epstopdf Info: Source file: <fig/log_ADV_socio.eps>
(epstopdf)                    date: 2015-02-26 22:33:25
(epstopdf)                    size: 59938 bytes
(epstopdf)             Output file: <fig/log_ADV_socio-eps-converted-to.pdf>
(epstopdf)                    date: 2015-02-26 22:45:07
(epstopdf)                    size: 14002 bytes
(epstopdf)             Command: <repstopdf --outfile=fig/log_ADV_socio-eps-conv
erted-to.pdf fig/log_ADV_socio.eps>
(epstopdf)             \includegraphics on input line 72.
Package epstopdf Info: Output file is already uptodate.

<fig/log_ADV_socio-eps-converted-to.pdf, id=104, 908.39375pt x 619.31375pt>
File: fig/log_ADV_socio-eps-converted-to.pdf Graphic file (type pdf)

<use fig/log_ADV_socio-eps-converted-to.pdf>
Package pdftex.def Info: fig/log_ADV_socio-eps-converted-to.pdf used on input l
ine 72.
(pdftex.def)             Requested size: 545.04047pt x 371.59111pt.
 [14 <./fig/ADV_child-eps-converted-to.pdf> <./fig/ADV_socio-eps-converted-to.p
df> <./fig/log_ADV_child-eps-converted-to.pdf>] <fig/Corr_child.jpg, id=138, 88
9.3225pt x 578.16pt>
File: fig/Corr_child.jpg Graphic file (type jpg)

<use fig/Corr_child.jpg>
Package pdftex.def Info: fig/Corr_child.jpg used on input line 79.
(pdftex.def)             Requested size: 444.66016pt x 289.07928pt.

Overfull \hbox (17.8688pt too wide) in paragraph at lines 79--79
 [][] 
 []

[15 <./fig/log_ADV_socio-eps-converted-to.pdf>]
<fig/Corr_socio.jpg, id=151, 788.9475pt x 609.27625pt>
File: fig/Corr_socio.jpg Graphic file (type jpg)

<use fig/Corr_socio.jpg>
Package pdftex.def Info: fig/Corr_socio.jpg used on input line 83.
(pdftex.def)             Requested size: 394.47278pt x 304.63737pt.
 [16 <./fig/Corr_child.jpg>]
Package epstopdf Info: Source file: <fig/household369.eps>
(epstopdf)                    date: 2015-02-27 14:49:26
(epstopdf)                    size: 34162 bytes
(epstopdf)             Output file: <fig/household369-eps-converted-to.pdf>
(epstopdf)                    date: 2015-02-27 16:05:35
(epstopdf)                    size: 27599 bytes
(epstopdf)             Command: <repstopdf --outfile=fig/household369-eps-conve
rted-to.pdf fig/household369.eps>
(epstopdf)             \includegraphics on input line 90.
Package epstopdf Info: Output file is already uptodate.

<fig/household369-eps-converted-to.pdf, id=155, 1178.4025pt x 689.57625pt>
File: fig/household369-eps-converted-to.pdf Graphic file (type pdf)

<use fig/household369-eps-converted-to.pdf>
Package pdftex.def Info: fig/household369-eps-converted-to.pdf used on input li
ne 90.
(pdftex.def)             Requested size: 589.19981pt x 344.78728pt.
 [17 <./fig/Corr_socio.jpg>])
[18 <./fig/household369-eps-converted-to.pdf>]
Underfull \hbox (badness 10000) in paragraph at lines 53--54
\OT1/cmr/m/it/12 ters\OT1/cmr/m/n/12 . \OT1/cmtt/m/n/12 https://www.ofgem.gov.u
k/electricity/retail-market/metering/
 []


Underfull \hbox (badness 1412) in paragraph at lines 55--56
[]\OT1/cmr/m/n/12 Jorge Vas-con-ce-los. "Sur-vey of reg-u-la-tory and tech-no-l
og-i-cal de-vel-op-ments
 []


Underfull \hbox (badness 1472) in paragraph at lines 55--56
\OT1/cmr/m/n/12 concern- ing smart me-ter-ing in the eu-ro-pean union elec-tric
-ity mar-ket".
 []


Underfull \hbox (badness 7468) in paragraph at lines 61--62
[]\OT1/cmr/m/n/12 Office for Na-tional Statis-cics. 2014. "Full Re-port: House-
hold En-
 []


Underfull \hbox (badness 10000) in paragraph at lines 61--62
\OT1/cmr/m/n/12 ergy Spend-ing in the UK, 2002-2012". [ON-LINE] Avail-able at:
 []


Underfull \hbox (badness 10000) in paragraph at lines 61--62
\OT1/cmtt/m/n/12 http://www.ons.gov.uk/ons/dcp171776[]354637.pdf\OT1/cmr/m/n/12
 . [Ac-cessed 26 Jan-
 []


Underfull \hbox (badness 10000) in paragraph at lines 67--68
[]\OT1/cmr/m/n/12 Household elec-tric-ity sur-vey. \OT1/cmtt/m/n/12 https://www
.gov.uk/government/
 []


Underfull \hbox (badness 10000) in paragraph at lines 67--68
\OT1/cmtt/m/n/12 uploads/system/uploads/attachment[]data/file/278809/10043[]
 []


Underfull \hbox (badness 10000) in paragraph at lines 67--68
\OT1/cmtt/m/n/12 R66141HouseholdElectricitySurveyFinalReportissue4.pdf\OT1/cmr/
m/n/12 , Jan-uary
 []

[19

]
Underfull \hbox (badness 3919) in paragraph at lines 76--77
[]\OT1/cmr/m/n/12 Teaching Jobs | Sup-ply Teach-ing Jobs - Teach-ing Per-son-ne
l 2015
 []

[20] (./Report.aux)

LaTeX Warning: There were undefined references.

 ) 
Here is how much of TeX's memory you used:
 4565 strings out of 493117
 67298 string characters out of 6135432
 140980 words of memory out of 5000000
 7887 multiletter control sequences out of 15000+600000
 13825 words of font info for 53 fonts, out of 8000000 for 9000
 1141 hyphenation exceptions out of 8191
 49i,8n,42p,1170b,426s stack positions out of 5000i,500n,10000p,200000b,80000s
</usr/local/texlive/2014/texmf-dist/fonts/type1/public/amsfonts/cm/cmbx12.pfb
></usr/local/texlive/2014/texmf-dist/fonts/type1/public/amsfonts/cm/cmr10.pfb><
/usr/local/texlive/2014/texmf-dist/fonts/type1/public/amsfonts/cm/cmr12.pfb></u
sr/local/texlive/2014/texmf-dist/fonts/type1/public/amsfonts/cm/cmr17.pfb></usr
/local/texlive/2014/texmf-dist/fonts/type1/public/amsfonts/cm/cmr8.pfb></usr/lo
cal/texlive/2014/texmf-dist/fonts/type1/public/amsfonts/cm/cmsy10.pfb></usr/loc
al/texlive/2014/texmf-dist/fonts/type1/public/amsfonts/cm/cmti12.pfb></usr/loca
l/texlive/2014/texmf-dist/fonts/type1/public/amsfonts/cm/cmtt12.pfb>
Output written on Report.pdf (22 pages, 648191 bytes).
PDF statistics:
 204 PDF objects out of 1000 (max. 8388607)
 135 compressed objects within 2 object streams
 0 named destinations out of 1000 (max. 500000)
 86 words of extra memory for PDF output out of 10000 (max. 10000000)

